#
# A fatal error has been detected by the Java Runtime Environment:
#
#  EXCEPTION_ACCESS_VIOLATION (0xc0000005) at pc=0x00007ffa29863270, pid=31184, tid=29976
#
# JRE version: OpenJDK Runtime Environment Temurin-17.0.1+12 (17.0.1+12) (build 17.0.1+12)
# Java VM: OpenJDK 64-Bit Server VM Temurin-17.0.1+12 (17.0.1+12, mixed mode, tiered, compressed oops, compressed class ptrs, g1 gc, windows-amd64)
# Problematic frame:
# C  [glfw.dll+0x3270]
#
# No core dump will be written. Minidumps are not enabled by default on client versions of Windows
#
# If you would like to submit a bug report, please visit:
#   https://github.com/adoptium/adoptium-support/issues
# The crash happened outside the Java Virtual Machine in native code.
# See problematic frame for where to report the bug.
#

---------------  S U M M A R Y ------------

Command Line: -Dfile.encoding=Cp1252 -XX:+ShowCodeDetailsInExceptionMessages robatortas.code.files.core.MainApp

Host: Intel(R) Core(TM) i9-10900KF CPU @ 3.70GHz, 20 cores, 23G,  Windows 10 , 64 bit Build 19041 (10.0.19041.1466)
Time: Wed Feb  2 23:13:53 2022 Pacific Standard Time (Mexico) elapsed time: 0.284556 seconds (0d 0h 0m 0s)

---------------  T H R E A D  ---------------

Current thread (0x000001aa2fc32650):  JavaThread "main" [_thread_in_native, id=29976, stack(0x0000008407100000,0x0000008407200000)]

Stack: [0x0000008407100000,0x0000008407200000],  sp=0x00000084071ff3e0,  free space=1020k
Native frames: (J=compiled Java code, j=interpreted, Vv=VM code, C=native code)
C  [glfw.dll+0x3270]

Java frames: (J=compiled Java code, j=interpreted, Vv=VM code)
j  org.lwjgl.system.JNI.invokePV(JJ)V+0
j  org.lwjgl.glfw.GLFW.glfwDestroyCursor(J)V+17
j  robatortas.code.files.core.DisplayManager.glfWindow()V+64
j  robatortas.code.files.core.DisplayManager.<init>()V+19
j  robatortas.code.files.core.MainApp.main([Ljava/lang/String;)V+12
v  ~StubRoutines::call_stub

siginfo: EXCEPTION_ACCESS_VIOLATION (0xc0000005), reading address 0x0000000000000000


Register to memory mapping:

RIP=0x00007ffa29863270 glfw.dll
RAX=0x0 is NULL
RBX={method} {0x000001aa54a51338} 'invokePV' '(JJ)V' in 'org/lwjgl/system/JNI'
RCX=0x0 is NULL
RDX=0x00007ffa298b6ff8 glfw.dll
RSP=0x00000084071ff3e0 is pointing into the stack for thread: 0x000001aa2fc32650
RBP=0x00000084071ff498 is pointing into the stack for thread: 0x000001aa2fc32650
RSI=0x0 is NULL
RDI=0x000001aa54e30860 points into unknown readable memory: 0x0000000000000000 | 00 00 00 00 00 00 00 00
R8 =0x00000084071ff3d8 is pointing into the stack for thread: 0x000001aa2fc32650
R9 =0x00000084071ff498 is pointing into the stack for thread: 0x000001aa2fc32650
R10=0x0 is NULL
R11=0x0000000000000246 is an unknown value
R12=0x0 is NULL
R13={method} {0x000001aa54a51338} 'invokePV' '(JJ)V' in 'org/lwjgl/system/JNI'
R14=0x00000084071ff4d0 is pointing into the stack for thread: 0x000001aa2fc32650
R15=0x000001aa2fc32650 is a thread


Registers:
RAX=0x0000000000000000, RBX=0x000001aa54a51330, RCX=0x0000000000000000, RDX=0x00007ffa298b6ff8
RSP=0x00000084071ff3e0, RBP=0x00000084071ff498, RSI=0x0000000000000000, RDI=0x000001aa54e30860
R8 =0x00000084071ff3d8, R9 =0x00000084071ff498, R10=0x0000000000000000, R11=0x0000000000000246
R12=0x0000000000000000, R13=0x000001aa54a51330, R14=0x00000084071ff4d0, R15=0x000001aa2fc32650
RIP=0x00007ffa29863270, EFLAGS=0x0000000000010287

Top of Stack: (sp=0x00000084071ff3e0)
0x00000084071ff3e0:   0000000000000000 00007ff9e3c2ab29
0x00000084071ff3f0:   000001aa2fc32650 00007ff9e3c2aa77
0x00000084071ff400:   000001aa332e94fe 000001aa332ed621
0x00000084071ff410:   000001aa54a51330 0000000000000000
0x00000084071ff420:   000001aa332e94fe 00007ff9e3c23f1e
0x00000084071ff430:   3ff0000000000000 000001aa2fc32650
0x00000084071ff440:   0000000000000000 000001aa332ed2f6
0x00000084071ff450:   00000084071ff450 0000000000000000
0x00000084071ff460:   00000084071ff4d0 000001aa54a7e450
0x00000084071ff470:   0000000000000000 00000006991c69b0
0x00000084071ff480:   000001aa54a51330 0000000000000000
0x00000084071ff490:   00000084071ff4b8 00000084071ff520
0x00000084071ff4a0:   000001aa332e94fe 00000006991c69b0
0x00000084071ff4b0:   000001aa332eaf78 00007ffa298631d0
0x00000084071ff4c0:   0000000000000000 000001aa54e30860
0x00000084071ff4d0:   0000000000000000 00000084071ff4d8 

Instructions: (pc=0x00007ffa29863270)
0x00007ffa29863170:   00 48 89 5c 24 30 8d 4a f1 e8 42 f1 ff ff 48 8b
0x00007ffa29863180:   0d 73 3e 05 00 8b d7 48 8b d8 48 89 08 48 8b c8
0x00007ffa29863190:   48 89 05 61 3e 05 00 ff 15 63 38 05 00 85 c0 75
0x00007ffa298631a0:   15 48 8b cb e8 27 00 00 00 48 8b 5c 24 30 33 c0
0x00007ffa298631b0:   48 83 c4 20 5f c3 48 8b c3 48 8b 5c 24 30 48 83
0x00007ffa298631c0:   c4 20 5f c3 cc cc cc cc cc cc cc cc cc cc cc cc
0x00007ffa298631d0:   40 57 48 83 ec 20 83 3d b3 37 05 00 00 48 8b f9
0x00007ffa298631e0:   75 11 33 d2 b9 01 00 01 00 48 83 c4 20 5f e9 3d
0x00007ffa298631f0:   ec ff ff 48 85 ff 0f 84 95 00 00 00 48 89 5c 24
0x00007ffa29863200:   30 48 8b 1d f8 3d 05 00 48 85 db 74 3d 48 89 74
0x00007ffa29863210:   24 38 33 f6 48 39 7b 58 75 23 33 d2 39 35 6e 37
0x00007ffa29863220:   05 00 75 0c b9 01 00 01 00 e8 02 ec ff ff eb 0d
0x00007ffa29863230:   48 8b cb 48 89 73 58 ff 15 d3 37 05 00 48 8b 1b
0x00007ffa29863240:   48 85 db 75 cf 48 8b 74 24 38 48 8b cf ff 15 b5
0x00007ffa29863250:   37 05 00 48 8b 0d 9e 3d 05 00 48 8d 15 97 3d 05
0x00007ffa29863260:   00 48 8b 5c 24 30 48 3b cf 74 13 0f 1f 44 00 00
0x00007ffa29863270:   48 8b 01 48 8b d1 48 8b c8 48 3b c7 75 f2 48 8b
0x00007ffa29863280:   07 48 8b cf 48 89 02 48 83 c4 20 5f e9 0f f1 ff
0x00007ffa29863290:   ff 48 83 c4 20 5f c3 cc cc cc cc cc cc cc cc cc
0x00007ffa298632a0:   48 83 ec 28 83 3d e5 36 05 00 00 75 13 33 d2 b9
0x00007ffa298632b0:   01 00 01 00 e8 77 eb ff ff 33 c0 48 83 c4 28 c3
0x00007ffa298632c0:   48 83 c4 28 48 ff 25 65 37 05 00 cc cc cc cc cc
0x00007ffa298632d0:   33 c0 48 85 d2 74 03 48 89 02 4d 85 c0 74 03 49
0x00007ffa298632e0:   89 00 39 05 a8 36 05 00 75 0c 33 d2 b9 01 00 01
0x00007ffa298632f0:   00 e9 3a eb ff ff 81 b9 84 00 00 00 03 40 03 00
0x00007ffa29863300:   75 1f 48 85 d2 74 0a 48 8b 81 f0 01 00 00 48 89
0x00007ffa29863310:   02 4d 85 c0 74 12 48 8b 81 f8 01 00 00 49 89 00
0x00007ffa29863320:   c3 48 ff 25 a8 36 05 00 c3 cc cc cc cc cc cc cc
0x00007ffa29863330:   40 53 48 83 ec 20 83 3d 53 36 05 00 00 48 63 d9
0x00007ffa29863340:   75 14 33 d2 b9 01 00 01 00 e8 e2 ea ff ff 33 c0
0x00007ffa29863350:   48 83 c4 20 5b c3 83 fb 0f 77 63 83 3d b2 3c 05
0x00007ffa29863360:   00 00 75 18 ff 15 ce 36 05 00 85 c0 75 0e ff 15 


Stack slot to memory mapping:
stack at sp + 0 slots: 0x0 is NULL
stack at sp + 1 slots: 0x00007ff9e3c2ab29 jvm.dll
stack at sp + 2 slots: 0x000001aa2fc32650 is a thread
stack at sp + 3 slots: 0x00007ff9e3c2aa77 jvm.dll
stack at sp + 4 slots: 0x000001aa332e94fe is at code_begin+1118 in an Interpreter codelet
return entry points  [0x000001aa332e90a0, 0x000001aa332e9ba0]  2816 bytes
stack at sp + 5 slots: 0x000001aa332ed621 is at code_begin+993 in an Interpreter codelet
method entry point (kind = native)  [0x000001aa332ed240, 0x000001aa332edbc0]  2432 bytes
stack at sp + 6 slots: {method} {0x000001aa54a51338} 'invokePV' '(JJ)V' in 'org/lwjgl/system/JNI'
stack at sp + 7 slots: 0x0 is NULL


---------------  P R O C E S S  ---------------

Threads class SMR info:
_java_thread_list=0x000001aa54dd8310, length=14, elements={
0x000001aa2fc32650, 0x000001aa54c0ce50, 0x000001aa54c0db50, 0x000001aa54c45b00,
0x000001aa54c2d430, 0x000001aa54c2d900, 0x000001aa54c59a60, 0x000001aa54c92d80,
0x000001aa54c952a0, 0x000001aa54c9d7a0, 0x000001aa54de8d80, 0x000001aa54de9290,
0x000001aa54e117e0, 0x000001aa54e12260
}

Java Threads: ( => current thread )
=>0x000001aa2fc32650 JavaThread "main" [_thread_in_native, id=29976, stack(0x0000008407100000,0x0000008407200000)]
  0x000001aa54c0ce50 JavaThread "Reference Handler" daemon [_thread_blocked, id=32484, stack(0x0000008407800000,0x0000008407900000)]
  0x000001aa54c0db50 JavaThread "Finalizer" daemon [_thread_blocked, id=9512, stack(0x0000008407900000,0x0000008407a00000)]
  0x000001aa54c45b00 JavaThread "Signal Dispatcher" daemon [_thread_blocked, id=7456, stack(0x0000008407a00000,0x0000008407b00000)]
  0x000001aa54c2d430 JavaThread "Attach Listener" daemon [_thread_blocked, id=30568, stack(0x0000008407b00000,0x0000008407c00000)]
  0x000001aa54c2d900 JavaThread "Service Thread" daemon [_thread_blocked, id=2056, stack(0x0000008407c00000,0x0000008407d00000)]
  0x000001aa54c59a60 JavaThread "Monitor Deflation Thread" daemon [_thread_blocked, id=24356, stack(0x0000008407d00000,0x0000008407e00000)]
  0x000001aa54c92d80 JavaThread "C2 CompilerThread0" daemon [_thread_blocked, id=22996, stack(0x0000008407e00000,0x0000008407f00000)]
  0x000001aa54c952a0 JavaThread "C1 CompilerThread0" daemon [_thread_blocked, id=30296, stack(0x0000008407f00000,0x0000008408000000)]
  0x000001aa54c9d7a0 JavaThread "Sweeper thread" daemon [_thread_blocked, id=16840, stack(0x0000008408000000,0x0000008408100000)]
  0x000001aa54de8d80 JavaThread "C1 CompilerThread1" daemon [_thread_blocked, id=3472, stack(0x0000008408100000,0x0000008408200000)]
  0x000001aa54de9290 JavaThread "C1 CompilerThread2" daemon [_thread_blocked, id=32504, stack(0x0000008408200000,0x0000008408300000)]
  0x000001aa54e117e0 JavaThread "Notification Thread" daemon [_thread_blocked, id=22780, stack(0x0000008408300000,0x0000008408400000)]
  0x000001aa54e12260 JavaThread "Common-Cleaner" daemon [_thread_blocked, id=25840, stack(0x0000008408500000,0x0000008408600000)]

Other Threads:
  0x000001aa54c06c10 VMThread "VM Thread" [stack: 0x0000008407700000,0x0000008407800000] [id=34656]
  0x000001aa54d5f2a0 WatcherThread [stack: 0x0000008408400000,0x0000008408500000] [id=1500]
  0x000001aa2fc92a70 GCTaskThread "GC Thread#0" [stack: 0x0000008407200000,0x0000008407300000] [id=10544]
  0x000001aa2fc9f8f0 ConcurrentGCThread "G1 Main Marker" [stack: 0x0000008407300000,0x0000008407400000] [id=7488]
  0x000001aa2fca1ab0 ConcurrentGCThread "G1 Conc#0" [stack: 0x0000008407400000,0x0000008407500000] [id=25424]
  0x000001aa2fd0ec70 ConcurrentGCThread "G1 Refine#0" [stack: 0x0000008407500000,0x0000008407600000] [id=35596]
  0x000001aa54147840 ConcurrentGCThread "G1 Service" [stack: 0x0000008407600000,0x0000008407700000] [id=38160]

Threads with active compile tasks:

VM state: not at safepoint (normal execution)

VM Mutex/Monitor currently owned by a thread: None

Heap address: 0x0000000681800000, size: 6120 MB, Compressed Oops mode: Zero based, Oop shift amount: 3

CDS archive(s) not mapped
Compressed class space mapped at: 0x0000000800000000-0x0000000840000000, reserved size: 1073741824
Narrow klass base: 0x0000000800000000, Narrow klass shift: 0, Narrow klass range: 0x40000000

GC Precious Log:
 CPUs: 20 total, 20 available
 Memory: 24477M
 Large Page Support: Disabled
 NUMA Support: Disabled
 Compressed Oops: Enabled (Zero based)
 Heap Region Size: 4M
 Heap Min Capacity: 8M
 Heap Initial Capacity: 384M
 Heap Max Capacity: 6120M
 Pre-touch: Disabled
 Parallel Workers: 15
 Concurrent Workers: 4
 Concurrent Refinement Workers: 15
 Periodic GC: Disabled

Heap:
 garbage-first heap   total 393216K, used 4096K [0x0000000681800000, 0x0000000800000000)
  region size 4096K, 2 young (8192K), 0 survivors (0K)
 Metaspace       used 7882K, committed 8000K, reserved 1056768K
  class space    used 638K, committed 704K, reserved 1048576K

Heap Regions: E=young(eden), S=young(survivor), O=old, HS=humongous(starts), HC=humongous(continues), CS=collection set, F=free, OA=open archive, CA=closed archive, TAMS=top-at-mark-start (previous, next)
|   0|0x0000000681800000, 0x0000000681800000, 0x0000000681c00000|  0%| F|  |TAMS 0x0000000681800000, 0x0000000681800000| Untracked 
|   1|0x0000000681c00000, 0x0000000681c00000, 0x0000000682000000|  0%| F|  |TAMS 0x0000000681c00000, 0x0000000681c00000| Untracked 
|   2|0x0000000682000000, 0x0000000682000000, 0x0000000682400000|  0%| F|  |TAMS 0x0000000682000000, 0x0000000682000000| Untracked 
|   3|0x0000000682400000, 0x0000000682400000, 0x0000000682800000|  0%| F|  |TAMS 0x0000000682400000, 0x0000000682400000| Untracked 
|   4|0x0000000682800000, 0x0000000682800000, 0x0000000682c00000|  0%| F|  |TAMS 0x0000000682800000, 0x0000000682800000| Untracked 
|   5|0x0000000682c00000, 0x0000000682c00000, 0x0000000683000000|  0%| F|  |TAMS 0x0000000682c00000, 0x0000000682c00000| Untracked 
|   6|0x0000000683000000, 0x0000000683000000, 0x0000000683400000|  0%| F|  |TAMS 0x0000000683000000, 0x0000000683000000| Untracked 
|   7|0x0000000683400000, 0x0000000683400000, 0x0000000683800000|  0%| F|  |TAMS 0x0000000683400000, 0x0000000683400000| Untracked 
|   8|0x0000000683800000, 0x0000000683800000, 0x0000000683c00000|  0%| F|  |TAMS 0x0000000683800000, 0x0000000683800000| Untracked 
|   9|0x0000000683c00000, 0x0000000683c00000, 0x0000000684000000|  0%| F|  |TAMS 0x0000000683c00000, 0x0000000683c00000| Untracked 
|  10|0x0000000684000000, 0x0000000684000000, 0x0000000684400000|  0%| F|  |TAMS 0x0000000684000000, 0x0000000684000000| Untracked 
|  11|0x0000000684400000, 0x0000000684400000, 0x0000000684800000|  0%| F|  |TAMS 0x0000000684400000, 0x0000000684400000| Untracked 
|  12|0x0000000684800000, 0x0000000684800000, 0x0000000684c00000|  0%| F|  |TAMS 0x0000000684800000, 0x0000000684800000| Untracked 
|  13|0x0000000684c00000, 0x0000000684c00000, 0x0000000685000000|  0%| F|  |TAMS 0x0000000684c00000, 0x0000000684c00000| Untracked 
|  14|0x0000000685000000, 0x0000000685000000, 0x0000000685400000|  0%| F|  |TAMS 0x0000000685000000, 0x0000000685000000| Untracked 
|  15|0x0000000685400000, 0x0000000685400000, 0x0000000685800000|  0%| F|  |TAMS 0x0000000685400000, 0x0000000685400000| Untracked 
|  16|0x0000000685800000, 0x0000000685800000, 0x0000000685c00000|  0%| F|  |TAMS 0x0000000685800000, 0x0000000685800000| Untracked 
|  17|0x0000000685c00000, 0x0000000685c00000, 0x0000000686000000|  0%| F|  |TAMS 0x0000000685c00000, 0x0000000685c00000| Untracked 
|  18|0x0000000686000000, 0x0000000686000000, 0x0000000686400000|  0%| F|  |TAMS 0x0000000686000000, 0x0000000686000000| Untracked 
|  19|0x0000000686400000, 0x0000000686400000, 0x0000000686800000|  0%| F|  |TAMS 0x0000000686400000, 0x0000000686400000| Untracked 
|  20|0x0000000686800000, 0x0000000686800000, 0x0000000686c00000|  0%| F|  |TAMS 0x0000000686800000, 0x0000000686800000| Untracked 
|  21|0x0000000686c00000, 0x0000000686c00000, 0x0000000687000000|  0%| F|  |TAMS 0x0000000686c00000, 0x0000000686c00000| Untracked 
|  22|0x0000000687000000, 0x0000000687000000, 0x0000000687400000|  0%| F|  |TAMS 0x0000000687000000, 0x0000000687000000| Untracked 
|  23|0x0000000687400000, 0x0000000687400000, 0x0000000687800000|  0%| F|  |TAMS 0x0000000687400000, 0x0000000687400000| Untracked 
|  24|0x0000000687800000, 0x0000000687800000, 0x0000000687c00000|  0%| F|  |TAMS 0x0000000687800000, 0x0000000687800000| Untracked 
|  25|0x0000000687c00000, 0x0000000687c00000, 0x0000000688000000|  0%| F|  |TAMS 0x0000000687c00000, 0x0000000687c00000| Untracked 
|  26|0x0000000688000000, 0x0000000688000000, 0x0000000688400000|  0%| F|  |TAMS 0x0000000688000000, 0x0000000688000000| Untracked 
|  27|0x0000000688400000, 0x0000000688400000, 0x0000000688800000|  0%| F|  |TAMS 0x0000000688400000, 0x0000000688400000| Untracked 
|  28|0x0000000688800000, 0x0000000688800000, 0x0000000688c00000|  0%| F|  |TAMS 0x0000000688800000, 0x0000000688800000| Untracked 
|  29|0x0000000688c00000, 0x0000000688c00000, 0x0000000689000000|  0%| F|  |TAMS 0x0000000688c00000, 0x0000000688c00000| Untracked 
|  30|0x0000000689000000, 0x0000000689000000, 0x0000000689400000|  0%| F|  |TAMS 0x0000000689000000, 0x0000000689000000| Untracked 
|  31|0x0000000689400000, 0x0000000689400000, 0x0000000689800000|  0%| F|  |TAMS 0x0000000689400000, 0x0000000689400000| Untracked 
|  32|0x0000000689800000, 0x0000000689800000, 0x0000000689c00000|  0%| F|  |TAMS 0x0000000689800000, 0x0000000689800000| Untracked 
|  33|0x0000000689c00000, 0x0000000689c00000, 0x000000068a000000|  0%| F|  |TAMS 0x0000000689c00000, 0x0000000689c00000| Untracked 
|  34|0x000000068a000000, 0x000000068a000000, 0x000000068a400000|  0%| F|  |TAMS 0x000000068a000000, 0x000000068a000000| Untracked 
|  35|0x000000068a400000, 0x000000068a400000, 0x000000068a800000|  0%| F|  |TAMS 0x000000068a400000, 0x000000068a400000| Untracked 
|  36|0x000000068a800000, 0x000000068a800000, 0x000000068ac00000|  0%| F|  |TAMS 0x000000068a800000, 0x000000068a800000| Untracked 
|  37|0x000000068ac00000, 0x000000068ac00000, 0x000000068b000000|  0%| F|  |TAMS 0x000000068ac00000, 0x000000068ac00000| Untracked 
|  38|0x000000068b000000, 0x000000068b000000, 0x000000068b400000|  0%| F|  |TAMS 0x000000068b000000, 0x000000068b000000| Untracked 
|  39|0x000000068b400000, 0x000000068b400000, 0x000000068b800000|  0%| F|  |TAMS 0x000000068b400000, 0x000000068b400000| Untracked 
|  40|0x000000068b800000, 0x000000068b800000, 0x000000068bc00000|  0%| F|  |TAMS 0x000000068b800000, 0x000000068b800000| Untracked 
|  41|0x000000068bc00000, 0x000000068bc00000, 0x000000068c000000|  0%| F|  |TAMS 0x000000068bc00000, 0x000000068bc00000| Untracked 
|  42|0x000000068c000000, 0x000000068c000000, 0x000000068c400000|  0%| F|  |TAMS 0x000000068c000000, 0x000000068c000000| Untracked 
|  43|0x000000068c400000, 0x000000068c400000, 0x000000068c800000|  0%| F|  |TAMS 0x000000068c400000, 0x000000068c400000| Untracked 
|  44|0x000000068c800000, 0x000000068c800000, 0x000000068cc00000|  0%| F|  |TAMS 0x000000068c800000, 0x000000068c800000| Untracked 
|  45|0x000000068cc00000, 0x000000068cc00000, 0x000000068d000000|  0%| F|  |TAMS 0x000000068cc00000, 0x000000068cc00000| Untracked 
|  46|0x000000068d000000, 0x000000068d000000, 0x000000068d400000|  0%| F|  |TAMS 0x000000068d000000, 0x000000068d000000| Untracked 
|  47|0x000000068d400000, 0x000000068d400000, 0x000000068d800000|  0%| F|  |TAMS 0x000000068d400000, 0x000000068d400000| Untracked 
|  48|0x000000068d800000, 0x000000068d800000, 0x000000068dc00000|  0%| F|  |TAMS 0x000000068d800000, 0x000000068d800000| Untracked 
|  49|0x000000068dc00000, 0x000000068dc00000, 0x000000068e000000|  0%| F|  |TAMS 0x000000068dc00000, 0x000000068dc00000| Untracked 
|  50|0x000000068e000000, 0x000000068e000000, 0x000000068e400000|  0%| F|  |TAMS 0x000000068e000000, 0x000000068e000000| Untracked 
|  51|0x000000068e400000, 0x000000068e400000, 0x000000068e800000|  0%| F|  |TAMS 0x000000068e400000, 0x000000068e400000| Untracked 
|  52|0x000000068e800000, 0x000000068e800000, 0x000000068ec00000|  0%| F|  |TAMS 0x000000068e800000, 0x000000068e800000| Untracked 
|  53|0x000000068ec00000, 0x000000068ec00000, 0x000000068f000000|  0%| F|  |TAMS 0x000000068ec00000, 0x000000068ec00000| Untracked 
|  54|0x000000068f000000, 0x000000068f000000, 0x000000068f400000|  0%| F|  |TAMS 0x000000068f000000, 0x000000068f000000| Untracked 
|  55|0x000000068f400000, 0x000000068f400000, 0x000000068f800000|  0%| F|  |TAMS 0x000000068f400000, 0x000000068f400000| Untracked 
|  56|0x000000068f800000, 0x000000068f800000, 0x000000068fc00000|  0%| F|  |TAMS 0x000000068f800000, 0x000000068f800000| Untracked 
|  57|0x000000068fc00000, 0x000000068fc00000, 0x0000000690000000|  0%| F|  |TAMS 0x000000068fc00000, 0x000000068fc00000| Untracked 
|  58|0x0000000690000000, 0x0000000690000000, 0x0000000690400000|  0%| F|  |TAMS 0x0000000690000000, 0x0000000690000000| Untracked 
|  59|0x0000000690400000, 0x0000000690400000, 0x0000000690800000|  0%| F|  |TAMS 0x0000000690400000, 0x0000000690400000| Untracked 
|  60|0x0000000690800000, 0x0000000690800000, 0x0000000690c00000|  0%| F|  |TAMS 0x0000000690800000, 0x0000000690800000| Untracked 
|  61|0x0000000690c00000, 0x0000000690c00000, 0x0000000691000000|  0%| F|  |TAMS 0x0000000690c00000, 0x0000000690c00000| Untracked 
|  62|0x0000000691000000, 0x0000000691000000, 0x0000000691400000|  0%| F|  |TAMS 0x0000000691000000, 0x0000000691000000| Untracked 
|  63|0x0000000691400000, 0x0000000691400000, 0x0000000691800000|  0%| F|  |TAMS 0x0000000691400000, 0x0000000691400000| Untracked 
|  64|0x0000000691800000, 0x0000000691800000, 0x0000000691c00000|  0%| F|  |TAMS 0x0000000691800000, 0x0000000691800000| Untracked 
|  65|0x0000000691c00000, 0x0000000691c00000, 0x0000000692000000|  0%| F|  |TAMS 0x0000000691c00000, 0x0000000691c00000| Untracked 
|  66|0x0000000692000000, 0x0000000692000000, 0x0000000692400000|  0%| F|  |TAMS 0x0000000692000000, 0x0000000692000000| Untracked 
|  67|0x0000000692400000, 0x0000000692400000, 0x0000000692800000|  0%| F|  |TAMS 0x0000000692400000, 0x0000000692400000| Untracked 
|  68|0x0000000692800000, 0x0000000692800000, 0x0000000692c00000|  0%| F|  |TAMS 0x0000000692800000, 0x0000000692800000| Untracked 
|  69|0x0000000692c00000, 0x0000000692c00000, 0x0000000693000000|  0%| F|  |TAMS 0x0000000692c00000, 0x0000000692c00000| Untracked 
|  70|0x0000000693000000, 0x0000000693000000, 0x0000000693400000|  0%| F|  |TAMS 0x0000000693000000, 0x0000000693000000| Untracked 
|  71|0x0000000693400000, 0x0000000693400000, 0x0000000693800000|  0%| F|  |TAMS 0x0000000693400000, 0x0000000693400000| Untracked 
|  72|0x0000000693800000, 0x0000000693800000, 0x0000000693c00000|  0%| F|  |TAMS 0x0000000693800000, 0x0000000693800000| Untracked 
|  73|0x0000000693c00000, 0x0000000693c00000, 0x0000000694000000|  0%| F|  |TAMS 0x0000000693c00000, 0x0000000693c00000| Untracked 
|  74|0x0000000694000000, 0x0000000694000000, 0x0000000694400000|  0%| F|  |TAMS 0x0000000694000000, 0x0000000694000000| Untracked 
|  75|0x0000000694400000, 0x0000000694400000, 0x0000000694800000|  0%| F|  |TAMS 0x0000000694400000, 0x0000000694400000| Untracked 
|  76|0x0000000694800000, 0x0000000694800000, 0x0000000694c00000|  0%| F|  |TAMS 0x0000000694800000, 0x0000000694800000| Untracked 
|  77|0x0000000694c00000, 0x0000000694c00000, 0x0000000695000000|  0%| F|  |TAMS 0x0000000694c00000, 0x0000000694c00000| Untracked 
|  78|0x0000000695000000, 0x0000000695000000, 0x0000000695400000|  0%| F|  |TAMS 0x0000000695000000, 0x0000000695000000| Untracked 
|  79|0x0000000695400000, 0x0000000695400000, 0x0000000695800000|  0%| F|  |TAMS 0x0000000695400000, 0x0000000695400000| Untracked 
|  80|0x0000000695800000, 0x0000000695800000, 0x0000000695c00000|  0%| F|  |TAMS 0x0000000695800000, 0x0000000695800000| Untracked 
|  81|0x0000000695c00000, 0x0000000695c00000, 0x0000000696000000|  0%| F|  |TAMS 0x0000000695c00000, 0x0000000695c00000| Untracked 
|  82|0x0000000696000000, 0x0000000696000000, 0x0000000696400000|  0%| F|  |TAMS 0x0000000696000000, 0x0000000696000000| Untracked 
|  83|0x0000000696400000, 0x0000000696400000, 0x0000000696800000|  0%| F|  |TAMS 0x0000000696400000, 0x0000000696400000| Untracked 
|  84|0x0000000696800000, 0x0000000696800000, 0x0000000696c00000|  0%| F|  |TAMS 0x0000000696800000, 0x0000000696800000| Untracked 
|  85|0x0000000696c00000, 0x0000000696c00000, 0x0000000697000000|  0%| F|  |TAMS 0x0000000696c00000, 0x0000000696c00000| Untracked 
|  86|0x0000000697000000, 0x0000000697000000, 0x0000000697400000|  0%| F|  |TAMS 0x0000000697000000, 0x0000000697000000| Untracked 
|  87|0x0000000697400000, 0x0000000697400000, 0x0000000697800000|  0%| F|  |TAMS 0x0000000697400000, 0x0000000697400000| Untracked 
|  88|0x0000000697800000, 0x0000000697800000, 0x0000000697c00000|  0%| F|  |TAMS 0x0000000697800000, 0x0000000697800000| Untracked 
|  89|0x0000000697c00000, 0x0000000697c00000, 0x0000000698000000|  0%| F|  |TAMS 0x0000000697c00000, 0x0000000697c00000| Untracked 
|  90|0x0000000698000000, 0x0000000698000000, 0x0000000698400000|  0%| F|  |TAMS 0x0000000698000000, 0x0000000698000000| Untracked 
|  91|0x0000000698400000, 0x0000000698400000, 0x0000000698800000|  0%| F|  |TAMS 0x0000000698400000, 0x0000000698400000| Untracked 
|  92|0x0000000698800000, 0x0000000698800000, 0x0000000698c00000|  0%| F|  |TAMS 0x0000000698800000, 0x0000000698800000| Untracked 
|  93|0x0000000698c00000, 0x0000000698c00000, 0x0000000699000000|  0%| F|  |TAMS 0x0000000698c00000, 0x0000000698c00000| Untracked 
|  94|0x0000000699000000, 0x000000069920a688, 0x0000000699400000| 51%| E|  |TAMS 0x0000000699000000, 0x0000000699000000| Complete 
|  95|0x0000000699400000, 0x0000000699800000, 0x0000000699800000|100%| E|CS|TAMS 0x0000000699400000, 0x0000000699400000| Complete 

Card table byte_map: [0x000001aa43980000,0x000001aa44580000] _byte_map_base: 0x000001aa40574000

Marking Bits (Prev, Next): (CMBitMap*) 0x000001aa2fc93080, (CMBitMap*) 0x000001aa2fc930c0
 Prev Bits: [0x000001aa45180000, 0x000001aa4b120000)
 Next Bits: [0x000001aa4b120000, 0x000001aa510c0000)

Polling page: 0x000001aa2dba0000

Metaspace:

Usage:
  Non-class:      7.07 MB used.
      Class:    638.74 KB used.
       Both:      7.70 MB used.

Virtual space:
  Non-class space:        8.00 MB reserved,       7.12 MB ( 89%) committed,  1 nodes.
      Class space:        1.00 GB reserved,     704.00 KB ( <1%) committed,  1 nodes.
             Both:        1.01 GB reserved,       7.81 MB ( <1%) committed. 

Chunk freelists:
   Non-Class:  512.00 KB
       Class:  3.20 MB
        Both:  3.70 MB

MaxMetaspaceSize: unlimited
CompressedClassSpaceSize: 1.00 GB
Initial GC threshold: 21.00 MB
Current GC threshold: 21.00 MB
CDS: off
MetaspaceReclaimPolicy: balanced
 - commit_granule_bytes: 65536.
 - commit_granule_words: 8192.
 - virtual_space_node_default_size: 1048576.
 - enlarge_chunks_in_place: 1.
 - new_chunks_are_fully_committed: 0.
 - uncommit_free_chunks: 1.
 - use_allocation_guard: 0.
 - handle_deallocations: 1.


Internal statistics:

num_allocs_failed_limit: 0.
num_arena_births: 60.
num_arena_deaths: 0.
num_vsnodes_births: 2.
num_vsnodes_deaths: 0.
num_space_committed: 125.
num_space_uncommitted: 0.
num_chunks_returned_to_freelist: 0.
num_chunks_taken_from_freelist: 117.
num_chunk_merges: 0.
num_chunk_splits: 68.
num_chunks_enlarged: 43.
num_purges: 0.
num_inconsistent_stats: 0.

CodeHeap 'non-profiled nmethods': size=119168Kb used=126Kb max_used=126Kb free=119041Kb
 bounds [0x000001aa3ae80000, 0x000001aa3b0f0000, 0x000001aa422e0000]
CodeHeap 'profiled nmethods': size=119104Kb used=594Kb max_used=594Kb free=118509Kb
 bounds [0x000001aa33a30000, 0x000001aa33ca0000, 0x000001aa3ae80000]
CodeHeap 'non-nmethods': size=7488Kb used=2620Kb max_used=2633Kb free=4868Kb
 bounds [0x000001aa332e0000, 0x000001aa33580000, 0x000001aa33a30000]
 total_blobs=1310 nmethods=416 adapters=805
 compilation: enabled
              stopped_count=0, restarted_count=0
 full_count=0

Compilation events (20 events):
Event: 0.145 Thread 0x000001aa54c952a0  406       3       sun.misc.Unsafe::putInt (11 bytes)
Event: 0.145 Thread 0x000001aa54c952a0 nmethod 406 0x000001aa33ac1990 code [0x000001aa33ac1b20, 0x000001aa33ac1c38]
Event: 0.145 Thread 0x000001aa54c952a0  408       3       org.lwjgl.system.MemoryUtil::encodeASCIIUnsafe (53 bytes)
Event: 0.145 Thread 0x000001aa54c952a0 nmethod 408 0x000001aa33ac1d10 code [0x000001aa33ac1ee0, 0x000001aa33ac22f8]
Event: 0.145 Thread 0x000001aa54c952a0  409       3       java.util.zip.ZipUtils::CENLEN (9 bytes)
Event: 0.145 Thread 0x000001aa54de9290  410       3       java.util.WeakHashMap::maskNull (12 bytes)
Event: 0.145 Thread 0x000001aa54de8d80  411       3       java.util.WeakHashMap::hash (28 bytes)
Event: 0.145 Thread 0x000001aa54c952a0 nmethod 409 0x000001aa33ac2490 code [0x000001aa33ac2640, 0x000001aa33ac2918]
Event: 0.145 Thread 0x000001aa54c952a0  412       3       java.util.WeakHashMap::getTable (9 bytes)
Event: 0.145 Thread 0x000001aa54de9290 nmethod 410 0x000001aa33ac2a90 code [0x000001aa33ac2c20, 0x000001aa33ac2d58]
Event: 0.145 Thread 0x000001aa54de8d80 nmethod 411 0x000001aa33ac2e10 code [0x000001aa33ac2fc0, 0x000001aa33ac31a8]
Event: 0.145 Thread 0x000001aa54de9290  413   !   3       java.util.WeakHashMap::expungeStaleEntries (139 bytes)
Event: 0.145 Thread 0x000001aa54de8d80  414       3       java.util.WeakHashMap::indexFor (6 bytes)
Event: 0.145 Thread 0x000001aa54c952a0 nmethod 412 0x000001aa33ac3290 code [0x000001aa33ac3420, 0x000001aa33ac3568]
Event: 0.145 Thread 0x000001aa54de8d80 nmethod 414 0x000001aa33ac3610 code [0x000001aa33ac37a0, 0x000001aa33ac3898]
Event: 0.145 Thread 0x000001aa54c952a0  415       1       jdk.internal.loader.URLClassPath$Loader::getBaseURL (5 bytes)
Event: 0.145 Thread 0x000001aa54c952a0 nmethod 415 0x000001aa3ae9f490 code [0x000001aa3ae9f620, 0x000001aa3ae9f6f8]
Event: 0.145 Thread 0x000001aa54de9290 nmethod 413 0x000001aa33ac3910 code [0x000001aa33ac3b20, 0x000001aa33ac4568]
Event: 0.148 Thread 0x000001aa54c92d80  416       4       java.util.concurrent.ConcurrentHashMap::tabAt (22 bytes)
Event: 0.148 Thread 0x000001aa54c92d80 nmethod 416 0x000001aa3ae9f790 code [0x000001aa3ae9f900, 0x000001aa3ae9f978]

GC Heap History (0 events):
No events

Deoptimization events (4 events):
Event: 0.125 Thread 0x000001aa2fc32650 DEOPT PACKING pc=0x000001aa33a4b667 sp=0x00000084071fcbe0
Event: 0.125 Thread 0x000001aa2fc32650 DEOPT UNPACKING pc=0x000001aa33332b43 sp=0x00000084071fc000 mode 0
Event: 0.127 Thread 0x000001aa2fc32650 DEOPT PACKING pc=0x000001aa33a37d51 sp=0x00000084071fcd00
Event: 0.127 Thread 0x000001aa2fc32650 DEOPT UNPACKING pc=0x000001aa33332b43 sp=0x00000084071fc178 mode 0

Classes unloaded (0 events):
No events

Classes redefined (0 events):
No events

Internal exceptions (16 events):
Event: 0.097 Thread 0x000001aa2fc32650 Exception <a 'java/lang/NoSuchMethodError'{0x00000006996c6490}: 'void java.lang.invoke.DirectMethodHandle$Holder.invokeStatic(java.lang.Object, java.lang.Object)'> (0x00000006996c6490) 
thrown [e:\jenkins\tmp\workspace\build\src\src\hotspot\share\interpreter\linkResolver.cpp, line 766]
Event: 0.098 Thread 0x000001aa2fc32650 Exception <a 'java/lang/NoSuchMethodError'{0x00000006996cbda8}: 'void java.lang.invoke.DirectMethodHandle$Holder.invokeSpecial(java.lang.Object, java.lang.Object, java.lang.Object)'> (0x00000006996cbda8) 
thrown [e:\jenkins\tmp\workspace\build\src\src\hotspot\share\interpreter\linkResolver.cpp, line 766]
Event: 0.099 Thread 0x000001aa2fc32650 Exception <a 'java/lang/NoSuchMethodError'{0x00000006996df358}: 'java.lang.Object java.lang.invoke.DirectMethodHandle$Holder.invokeStatic(java.lang.Object, java.lang.Object, int)'> (0x00000006996df358) 
thrown [e:\jenkins\tmp\workspace\build\src\src\hotspot\share\interpreter\linkResolver.cpp, line 766]
Event: 0.100 Thread 0x000001aa2fc32650 Exception <a 'java/lang/NoSuchMethodError'{0x00000006996eb0c8}: 'void java.lang.invoke.DelegatingMethodHandle$Holder.delegate(java.lang.Object, java.lang.Object, int, java.lang.Object)'> (0x00000006996eb0c8) 
thrown [e:\jenkins\tmp\workspace\build\src\src\hotspot\share\interpreter\linkResolver.cpp, line 766]
Event: 0.100 Thread 0x000001aa2fc32650 Exception <a 'java/lang/NoSuchMethodError'{0x00000006996ef308}: 'int java.lang.invoke.DirectMethodHandle$Holder.invokeSpecial(java.lang.Object, java.lang.Object, java.lang.Object)'> (0x00000006996ef308) 
thrown [e:\jenkins\tmp\workspace\build\src\src\hotspot\share\interpreter\linkResolver.cpp, line 766]
Event: 0.120 Thread 0x000001aa2fc32650 Exception <a 'sun/nio/fs/WindowsException'{0x00000006997f4de8}> (0x00000006997f4de8) 
thrown [e:\jenkins\tmp\workspace\build\src\src\hotspot\share\prims\jni.cpp, line 516]
Event: 0.120 Thread 0x000001aa2fc32650 Exception <a 'sun/nio/fs/WindowsException'{0x00000006997f5340}> (0x00000006997f5340) 
thrown [e:\jenkins\tmp\workspace\build\src\src\hotspot\share\prims\jni.cpp, line 516]
Event: 0.133 Thread 0x000001aa2fc32650 Exception <a 'sun/nio/fs/WindowsException'{0x00000006990f2410}> (0x00000006990f2410) 
thrown [e:\jenkins\tmp\workspace\build\src\src\hotspot\share\prims\jni.cpp, line 516]
Event: 0.133 Thread 0x000001aa2fc32650 Exception <a 'sun/nio/fs/WindowsException'{0x00000006990f2780}> (0x00000006990f2780) 
thrown [e:\jenkins\tmp\workspace\build\src\src\hotspot\share\prims\jni.cpp, line 516]
Event: 0.136 Thread 0x000001aa2fc32650 Exception <a 'java/lang/NoSuchMethodError'{0x0000000699125c88}: 'java.lang.Object java.lang.invoke.DirectMethodHandle$Holder.invokeStaticInit(java.lang.Object)'> (0x0000000699125c88) 
thrown [e:\jenkins\tmp\workspace\build\src\src\hotspot\share\interpreter\linkResolver.cpp, line 766]
Event: 0.138 Thread 0x000001aa2fc32650 Exception <a 'java/lang/NoSuchMethodError'{0x000000069913fb70}: 'int java.lang.invoke.DirectMethodHandle$Holder.invokeStaticInit(java.lang.Object, java.lang.Object, int, long)'> (0x000000069913fb70) 
thrown [e:\jenkins\tmp\workspace\build\src\src\hotspot\share\interpreter\linkResolver.cpp, line 766]
Event: 0.138 Thread 0x000001aa2fc32650 Exception <a 'java/lang/NoSuchMethodError'{0x0000000699145438}: 'java.lang.Object java.lang.invoke.DirectMethodHandle$Holder.newInvokeSpecial(java.lang.Object, java.lang.Object, int)'> (0x0000000699145438) 
thrown [e:\jenkins\tmp\workspace\build\src\src\hotspot\share\interpreter\linkResolver.cpp, line 766]
Event: 0.140 Thread 0x000001aa2fc32650 Exception <a 'java/lang/NoSuchMethodError'{0x0000000699154498}: 'int java.lang.invoke.DirectMethodHandle$Holder.invokeStaticInit(java.lang.Object, java.lang.Object, long, long)'> (0x0000000699154498) 
thrown [e:\jenkins\tmp\workspace\build\src\src\hotspot\share\interpreter\linkResolver.cpp, line 766]
Event: 0.140 Thread 0x000001aa2fc32650 Exception <a 'java/lang/NoSuchMethodError'{0x000000069915a610}: 'java.lang.Object java.lang.invoke.DirectMethodHandle$Holder.newInvokeSpecial(java.lang.Object, java.lang.Object, long)'> (0x000000069915a610) 
thrown [e:\jenkins\tmp\workspace\build\src\src\hotspot\share\interpreter\linkResolver.cpp, line 766]
Event: 0.140 Thread 0x000001aa2fc32650 Exception <a 'java/lang/NoSuchMethodError'{0x000000069915e900}: 'java.lang.Object java.lang.invoke.Invokers$Holder.linkToTargetMethod(java.lang.Object, long, java.lang.Object)'> (0x000000069915e900) 
thrown [e:\jenkins\tmp\workspace\build\src\src\hotspot\share\interpreter\linkResolver.cpp, line 766]
Event: 0.141 Thread 0x000001aa2fc32650 Exception <a 'java/lang/NoSuchMethodError'{0x0000000699166018}: 'int java.lang.invoke.DirectMethodHandle$Holder.invokeStaticInit(java.lang.Object, java.lang.Object, java.lang.Object, long)'> (0x0000000699166018) 
thrown [e:\jenkins\tmp\workspace\build\src\src\hotspot\share\interpreter\linkResolver.cpp, line 766]

VM Operations (2 events):
Event: 0.072 Executing VM operation: HandshakeAllThreads
Event: 0.072 Executing VM operation: HandshakeAllThreads done

Events (20 events):
Event: 0.137 loading class java/nio/DirectDoubleBufferU
Event: 0.137 loading class java/nio/DirectDoubleBufferU done
Event: 0.137 loading class sun/misc/Unsafe
Event: 0.137 loading class sun/misc/Unsafe done
Event: 0.137 loading class jdk/internal/reflect/UnsafeFieldAccessorFactory
Event: 0.137 loading class jdk/internal/reflect/UnsafeFieldAccessorFactory done
Event: 0.137 loading class jdk/internal/reflect/UnsafeQualifiedStaticObjectFieldAccessorImpl
Event: 0.137 loading class jdk/internal/reflect/UnsafeQualifiedStaticFieldAccessorImpl
Event: 0.137 loading class jdk/internal/reflect/UnsafeQualifiedStaticFieldAccessorImpl done
Event: 0.137 loading class jdk/internal/reflect/UnsafeQualifiedStaticObjectFieldAccessorImpl done
Event: 0.138 loading class java/util/function/LongPredicate
Event: 0.138 loading class java/util/function/LongPredicate done
Event: 0.139 loading class jdk/internal/access/foreign/MemorySegmentProxy
Event: 0.139 loading class jdk/internal/access/foreign/MemorySegmentProxy done
Event: 0.141 loading class java/nio/InvalidMarkException
Event: 0.141 loading class java/nio/InvalidMarkException done
Event: 0.141 loading class java/nio/BufferUnderflowException
Event: 0.141 loading class java/nio/BufferUnderflowException done
Event: 0.142 loading class java/lang/IndexOutOfBoundsException
Event: 0.142 loading class java/lang/IndexOutOfBoundsException done


Dynamic libraries:
0x00007ff62f210000 - 0x00007ff62f21e000 	C:\Users\robat\.p2\pool\plugins\org.eclipse.justj.openjdk.hotspot.jre.full.win32.x86_64_17.0.1.v20211116-1657\jre\bin\javaw.exe
0x00007ffa84150000 - 0x00007ffa84345000 	C:\WINDOWS\SYSTEM32\ntdll.dll
0x00007ffa84050000 - 0x00007ffa8410e000 	C:\WINDOWS\System32\KERNEL32.DLL
0x00007ffa819f0000 - 0x00007ffa81cb8000 	C:\WINDOWS\System32\KERNELBASE.dll
0x00007ffa81cc0000 - 0x00007ffa81dc0000 	C:\WINDOWS\System32\ucrtbase.dll
0x00007ffa5c4d0000 - 0x00007ffa5c4e8000 	C:\Users\robat\.p2\pool\plugins\org.eclipse.justj.openjdk.hotspot.jre.full.win32.x86_64_17.0.1.v20211116-1657\jre\bin\jli.dll
0x00007ffa5a350000 - 0x00007ffa5a369000 	C:\Users\robat\.p2\pool\plugins\org.eclipse.justj.openjdk.hotspot.jre.full.win32.x86_64_17.0.1.v20211116-1657\jre\bin\VCRUNTIME140.dll
0x00007ffa82680000 - 0x00007ffa82821000 	C:\WINDOWS\System32\USER32.dll
0x00007ffa6bf10000 - 0x00007ffa6c1aa000 	C:\WINDOWS\WinSxS\amd64_microsoft.windows.common-controls_6595b64144ccf1df_6.0.19041.1110_none_60b5254171f9507e\COMCTL32.dll
0x00007ffa81e10000 - 0x00007ffa81e32000 	C:\WINDOWS\System32\win32u.dll
0x00007ffa833c0000 - 0x00007ffa833eb000 	C:\WINDOWS\System32\GDI32.dll
0x00007ffa830c0000 - 0x00007ffa8315e000 	C:\WINDOWS\System32\msvcrt.dll
0x00007ffa81e40000 - 0x00007ffa81f4d000 	C:\WINDOWS\System32\gdi32full.dll
0x00007ffa81950000 - 0x00007ffa819ed000 	C:\WINDOWS\System32\msvcp_win.dll
0x00007ffa838c0000 - 0x00007ffa838f0000 	C:\WINDOWS\System32\IMM32.DLL
0x00007ffa6a790000 - 0x00007ffa6a79c000 	C:\Users\robat\.p2\pool\plugins\org.eclipse.justj.openjdk.hotspot.jre.full.win32.x86_64_17.0.1.v20211116-1657\jre\bin\vcruntime140_1.dll
0x00007ffa23950000 - 0x00007ffa239e1000 	C:\Users\robat\.p2\pool\plugins\org.eclipse.justj.openjdk.hotspot.jre.full.win32.x86_64_17.0.1.v20211116-1657\jre\bin\msvcp140.dll
0x00007ff9e3600000 - 0x00007ff9e4246000 	C:\Users\robat\.p2\pool\plugins\org.eclipse.justj.openjdk.hotspot.jre.full.win32.x86_64_17.0.1.v20211116-1657\jre\bin\server\jvm.dll
0x00007ffa831c0000 - 0x00007ffa8326e000 	C:\WINDOWS\System32\ADVAPI32.dll
0x00007ffa83320000 - 0x00007ffa833bc000 	C:\WINDOWS\System32\sechost.dll
0x00007ffa83980000 - 0x00007ffa83aa5000 	C:\WINDOWS\System32\RPCRT4.dll
0x00007ffa838f0000 - 0x00007ffa838f8000 	C:\WINDOWS\System32\PSAPI.DLL
0x00007ffa777b0000 - 0x00007ffa777b9000 	C:\WINDOWS\SYSTEM32\WSOCK32.dll
0x00007ffa79150000 - 0x00007ffa79177000 	C:\WINDOWS\SYSTEM32\WINMM.dll
0x00007ffa79a00000 - 0x00007ffa79a0a000 	C:\WINDOWS\SYSTEM32\VERSION.dll
0x00007ffa83ad0000 - 0x00007ffa83b3b000 	C:\WINDOWS\System32\WS2_32.dll
0x00007ffa7f770000 - 0x00007ffa7f782000 	C:\WINDOWS\SYSTEM32\kernel.appcore.dll
0x00007ffa77690000 - 0x00007ffa7769a000 	C:\Users\robat\.p2\pool\plugins\org.eclipse.justj.openjdk.hotspot.jre.full.win32.x86_64_17.0.1.v20211116-1657\jre\bin\jimage.dll
0x00007ffa6de50000 - 0x00007ffa6e034000 	C:\WINDOWS\SYSTEM32\DBGHELP.DLL
0x00007ffa68ce0000 - 0x00007ffa68d0c000 	C:\WINDOWS\SYSTEM32\dbgcore.DLL
0x00007ffa81860000 - 0x00007ffa818e2000 	C:\WINDOWS\System32\bcryptPrimitives.dll
0x00007ffa601e0000 - 0x00007ffa60205000 	C:\Users\robat\.p2\pool\plugins\org.eclipse.justj.openjdk.hotspot.jre.full.win32.x86_64_17.0.1.v20211116-1657\jre\bin\java.dll
0x00007ffa601c0000 - 0x00007ffa601d8000 	C:\Users\robat\.p2\pool\plugins\org.eclipse.justj.openjdk.hotspot.jre.full.win32.x86_64_17.0.1.v20211116-1657\jre\bin\zip.dll
0x00007ffa82970000 - 0x00007ffa830b4000 	C:\WINDOWS\System32\SHELL32.dll
0x00007ffa7f970000 - 0x00007ffa80105000 	C:\WINDOWS\SYSTEM32\windows.storage.dll
0x00007ffa822c0000 - 0x00007ffa82615000 	C:\WINDOWS\System32\combase.dll
0x00007ffa812b0000 - 0x00007ffa812de000 	C:\WINDOWS\SYSTEM32\Wldp.dll
0x00007ffa83270000 - 0x00007ffa8331d000 	C:\WINDOWS\System32\SHCORE.dll
0x00007ffa82620000 - 0x00007ffa82675000 	C:\WINDOWS\System32\shlwapi.dll
0x00007ffa817a0000 - 0x00007ffa817bf000 	C:\WINDOWS\SYSTEM32\profapi.dll
0x00007ffa601a0000 - 0x00007ffa601b9000 	C:\Users\robat\.p2\pool\plugins\org.eclipse.justj.openjdk.hotspot.jre.full.win32.x86_64_17.0.1.v20211116-1657\jre\bin\net.dll
0x00007ffa79480000 - 0x00007ffa7958c000 	C:\WINDOWS\SYSTEM32\WINHTTP.dll
0x00007ffa81010000 - 0x00007ffa8107a000 	C:\WINDOWS\system32\mswsock.dll
0x00007ffa5f0a0000 - 0x00007ffa5f0b5000 	C:\Users\robat\.p2\pool\plugins\org.eclipse.justj.openjdk.hotspot.jre.full.win32.x86_64_17.0.1.v20211116-1657\jre\bin\nio.dll
0x00007ffa238d0000 - 0x00007ffa23941000 	C:\Users\robat\AppData\Local\Temp\lwjglrobat\3.3.0-build-21\lwjgl.dll
0x00007ffa29860000 - 0x00007ffa298c1000 	C:\Users\robat\AppData\Local\Temp\lwjglrobat\3.3.0-build-21\glfw.dll
0x00007ffa2f980000 - 0x00007ffa2f9c5000 	C:\WINDOWS\SYSTEM32\dinput8.dll
0x00007ffa54af0000 - 0x00007ffa54b01000 	C:\WINDOWS\SYSTEM32\xinput1_4.dll
0x00007ffa81dc0000 - 0x00007ffa81e0e000 	C:\WINDOWS\System32\cfgmgr32.dll
0x00007ffa81600000 - 0x00007ffa81634000 	C:\WINDOWS\SYSTEM32\DEVOBJ.dll
0x00007ffa7f590000 - 0x00007ffa7f5bf000 	C:\WINDOWS\SYSTEM32\dwmapi.dll
0x00007ffa76490000 - 0x00007ffa765e2000 	C:\WINDOWS\SYSTEM32\inputhost.dll
0x00007ffa83790000 - 0x00007ffa8385d000 	C:\WINDOWS\System32\OLEAUT32.dll
0x00007ffa7e380000 - 0x00007ffa7e4d4000 	C:\WINDOWS\SYSTEM32\wintypes.dll
0x00007ffa7ee00000 - 0x00007ffa7eef2000 	C:\WINDOWS\SYSTEM32\CoreMessaging.dll
0x00007ffa7d400000 - 0x00007ffa7d4f6000 	C:\WINDOWS\SYSTEM32\PROPSYS.dll
0x00007ffa7ea50000 - 0x00007ffa7edae000 	C:\WINDOWS\SYSTEM32\CoreUIComponents.dll
0x00007ffa80550000 - 0x00007ffa80583000 	C:\WINDOWS\SYSTEM32\ntmarta.dll
0x00007ffa7f290000 - 0x00007ffa7f32e000 	C:\WINDOWS\system32\uxtheme.dll
0x00007ffa82190000 - 0x00007ffa822a5000 	C:\WINDOWS\System32\MSCTF.dll
0x00007ff9fefc0000 - 0x00007ff9ff0e5000 	C:\WINDOWS\SYSTEM32\opengl32.dll
0x00007ffa56050000 - 0x00007ffa5607c000 	C:\WINDOWS\SYSTEM32\GLU32.dll
0x00007ffa836e0000 - 0x00007ffa83789000 	C:\WINDOWS\System32\clbcatq.dll
0x00007ff9de2d0000 - 0x00007ff9e12f6000 	C:\WINDOWS\System32\DriverStore\FileRepository\nv_dispi.inf_amd64_d87fa867f2900f50\nvoglv64.dll
0x00007ffa83bd0000 - 0x00007ffa84042000 	C:\WINDOWS\System32\SETUPAPI.dll
0x00007ffa820b0000 - 0x00007ffa820d7000 	C:\WINDOWS\System32\bcrypt.dll
0x00007ffa82830000 - 0x00007ffa8295a000 	C:\WINDOWS\System32\ole32.dll
0x00007ffa7d560000 - 0x00007ffa7d574000 	C:\WINDOWS\SYSTEM32\WTSAPI32.dll
0x00007ffa81200000 - 0x00007ffa8120c000 	C:\WINDOWS\SYSTEM32\CRYPTBASE.DLL
0x00007ffa81440000 - 0x00007ffa81452000 	C:\WINDOWS\SYSTEM32\msasn1.dll
0x00007ffa799c0000 - 0x00007ffa799f1000 	C:\WINDOWS\SYSTEM32\cryptnet.dll
0x00007ffa81f50000 - 0x00007ffa820a6000 	C:\WINDOWS\System32\CRYPT32.dll
0x00007ffa78d70000 - 0x00007ffa78eba000 	C:\WINDOWS\SYSTEM32\drvstore.dll
0x00007ffa818f0000 - 0x00007ffa81950000 	C:\WINDOWS\System32\WINTRUST.dll
0x00007ffa76840000 - 0x00007ffa7687b000 	C:\WINDOWS\SYSTEM32\dxcore.dll
0x00007ffa2daf0000 - 0x00007ffa2ddb5000 	C:\WINDOWS\system32\nvspcap64.dll
0x00007ffa80dd0000 - 0x00007ffa80e1b000 	C:\WINDOWS\SYSTEM32\powrprof.dll
0x00007ffa80c90000 - 0x00007ffa80ca2000 	C:\WINDOWS\SYSTEM32\UMPDC.dll
0x00007ffa805c0000 - 0x00007ffa8061a000 	C:\WINDOWS\SYSTEM32\WINSTA.dll
0x00007ffa765f0000 - 0x00007ffa766e9000 	C:\WINDOWS\SYSTEM32\textinputframework.dll

dbghelp: loaded successfully - version: 4.0.5 - missing functions: none
symbol engine: initialized successfully - sym options: 0x614 - pdb path: .;C:\Users\robat\.p2\pool\plugins\org.eclipse.justj.openjdk.hotspot.jre.full.win32.x86_64_17.0.1.v20211116-1657\jre\bin;C:\WINDOWS\SYSTEM32;C:\WINDOWS\WinSxS\amd64_microsoft.windows.common-controls_6595b64144ccf1df_6.0.19041.1110_none_60b5254171f9507e;C:\Users\robat\.p2\pool\plugins\org.eclipse.justj.openjdk.hotspot.jre.full.win32.x86_64_17.0.1.v20211116-1657\jre\bin\server;C:\Users\robat\AppData\Local\Temp\lwjglrobat\3.3.0-build-21;C:\WINDOWS\System32\DriverStore\FileRepository\nv_dispi.inf_amd64_d87fa867f2900f50

VM Arguments:
jvm_args: -Dfile.encoding=Cp1252 -XX:+ShowCodeDetailsInExceptionMessages 
java_command: robatortas.code.files.core.MainApp
java_class_path (initial): C:\Users\robat\Documents\Programming\Java\General-Workspace\OpenGL2\bin;C:\Users\robat\Documents\Programming\Java\General-Workspace\OpenGL\lib\lwjgl 3.3.0\lwjgl.jar;C:\Users\robat\Documents\Programming\Java\General-Workspace\OpenGL\lib\lwjgl 3.3.0\lwjgl-glfw.jar;C:\Users\robat\Documents\Programming\Java\General-Workspace\OpenGL\lib\lwjgl 3.3.0\lwjgl-glfw-javadoc.jar;C:\Users\robat\Documents\Programming\Java\General-Workspace\OpenGL\lib\lwjgl 3.3.0\lwjgl-glfw-natives-windows.jar;C:\Users\robat\Documents\Programming\Java\General-Workspace\OpenGL\lib\lwjgl 3.3.0\lwjgl-glfw-sources.jar;C:\Users\robat\Documents\Programming\Java\General-Workspace\OpenGL\lib\lwjgl 3.3.0\lwjgl-javadoc.jar;C:\Users\robat\Documents\Programming\Java\General-Workspace\OpenGL\lib\lwjgl 3.3.0\lwjgl-jawt.jar;C:\Users\robat\Documents\Programming\Java\General-Workspace\OpenGL\lib\lwjgl 3.3.0\lwjgl-jawt-javadoc.jar;C:\Users\robat\Documents\Programming\Java\General-Workspace\OpenGL\lib\lwjgl 3.3.0\lwjgl-jawt-sources.jar;C:\Users\robat\Documents\Programming\Java\General-Workspace\OpenGL\lib\lwjgl 3.3.0\lwjgl-natives-windows.jar;C:\Users\robat\Documents\Programming\Java\General-Workspace\OpenGL\lib\lwjgl 3.3.0\lwjgl-nfd.jar;C:\Users\robat\Documents\Programming\Java\General-Workspace\OpenGL\lib\lwjgl 3.3.0\lwjgl-nfd-javadoc.jar;C:\Users\robat\Documents\Programming\Java\General-Workspace\OpenGL\lib\lwjgl 3.3.0\lwjgl-nfd-natives-windows.jar;C:\Users\robat\Documents\Programming\Java\General-Workspace\OpenGL\lib\lwjgl 3.3.0\lwjgl-nfd-sources.jar;C:\Users\robat\Documents\Programming\Java\General-Workspace\OpenGL\lib\lwjgl 3.3.0\lwjgl-openal.jar;C:\Users\robat\Documents\Programming\Java\General-Workspace\OpenGL\lib\lwjgl 3.3.0\lwjgl-openal-javadoc.jar;C:\Users\robat\Documents\Programming\Java\General-Workspace\OpenGL\lib\lwjgl 3.3.0\lwjgl-openal-natives-windows.jar;C:\Users\robat\Documents\Programming\Java\General-Workspace\OpenGL\lib\lwjgl 3.3.0\lwjgl-openal-sources.jar;C:\Users\r
Launcher Type: SUN_STANDARD

[Global flags]
     intx CICompilerCount                          = 12                                        {product} {ergonomic}
     uint ConcGCThreads                            = 4                                         {product} {ergonomic}
     uint G1ConcRefinementThreads                  = 15                                        {product} {ergonomic}
   size_t G1HeapRegionSize                         = 4194304                                   {product} {ergonomic}
    uintx GCDrainStackTargetSize                   = 64                                        {product} {ergonomic}
   size_t InitialHeapSize                          = 402653184                                 {product} {ergonomic}
   size_t MarkStackSize                            = 4194304                                   {product} {ergonomic}
   size_t MaxHeapSize                              = 6417285120                                {product} {ergonomic}
   size_t MaxNewSize                               = 3850371072                                {product} {ergonomic}
   size_t MinHeapDeltaBytes                        = 4194304                                   {product} {ergonomic}
   size_t MinHeapSize                              = 8388608                                   {product} {ergonomic}
    uintx NonNMethodCodeHeapSize                   = 7602480                                {pd product} {ergonomic}
    uintx NonProfiledCodeHeapSize                  = 122027880                              {pd product} {ergonomic}
    uintx ProfiledCodeHeapSize                     = 122027880                              {pd product} {ergonomic}
    uintx ReservedCodeCacheSize                    = 251658240                              {pd product} {ergonomic}
     bool SegmentedCodeCache                       = true                                      {product} {ergonomic}
     bool ShowCodeDetailsInExceptionMessages       = true                                   {manageable} {command line}
   size_t SoftMaxHeapSize                          = 6417285120                             {manageable} {ergonomic}
     bool UseCompressedClassPointers               = true                           {product lp64_product} {ergonomic}
     bool UseCompressedOops                        = true                           {product lp64_product} {ergonomic}
     bool UseG1GC                                  = true                                      {product} {ergonomic}
     bool UseLargePagesIndividualAllocation        = false                                  {pd product} {ergonomic}

Logging:
Log output configuration:
 #0: stdout all=warning uptime,level,tags
 #1: stderr all=off uptime,level,tags

Environment Variables:
PATH=C:/Users/robat/.p2/pool/plugins/org.eclipse.justj.openjdk.hotspot.jre.full.win32.x86_64_17.0.1.v20211116-1657/jre/bin/server;C:/Users/robat/.p2/pool/plugins/org.eclipse.justj.openjdk.hotspot.jre.full.win32.x86_64_17.0.1.v20211116-1657/jre/bin;C:\Program Files (x86)\Razer Chroma SDK\bin;C:\Program Files\Razer Chroma SDK\bin;C:\Program Files (x86)\Razer\ChromaBroadcast\bin;C:\Program Files\Razer\ChromaBroadcast\bin;C:\Program Files (x86)\Common Files\Intel\Shared Libraries\redist\intel64\compiler;C:\Program Files (x86)\Common Files\Oracle\Java\javapath;C:\WINDOWS\system32;C:\WINDOWS;C:\WINDOWS\System32\Wbem;C:\WINDOWS\System32\WindowsPowerShell\v1.0\;C:\WINDOWS\System32\OpenSSH\;C:\Program Files\NVIDIA Corporation\NVIDIA NvDLISR;C:\Program Files\Git\cmd;C:\Program Files\Gource\cmd;C:\Program Files (x86)\NVIDIA Corporation\PhysX\Common;C:\Program Files\dotnet\;C:\Users\robat\AppData\Local\Microsoft\WindowsApps;C:\Users\robat\AppData\Local\Programs\Microsoft VS Code\bin;C:\Users\robat\.dotnet\tools;C:\WINDOWS\system32\config\systemprofile\AppData\Local\Microsoft\WindowsApps;C:\Program Files\nodejs\;C:\Users\robat\AppData\Local\Microsoft\WindowsApps;;C:\Users\robat\AppData\Local\Programs\Microsoft VS Code\bin;C:\Users\robat\.dotnet\tools;C:\Users\robat\AppData\Roaming\npm;C:\WINDOWS\system32;
USERNAME=robat
OS=Windows_NT
PROCESSOR_IDENTIFIER=Intel64 Family 6 Model 165 Stepping 5, GenuineIntel



---------------  S Y S T E M  ---------------

OS:
 Windows 10 , 64 bit Build 19041 (10.0.19041.1466)
OS uptime: 0 days 7:44 hours

CPU: total 20 (initial active 20) (10 cores per cpu, 2 threads per core) family 6 model 165 stepping 5 microcode 0xe2, cx8, cmov, fxsr, ht, mmx, 3dnowpref, sse, sse2, sse3, ssse3, sse4.1, sse4.2, popcnt, lzcnt, tsc, tscinvbit, avx, avx2, aes, erms, clmul, bmi1, bmi2, adx, fma, vzeroupper, clflush, clflushopt

Memory: 4k page, system-wide physical 24477M (15324M free)
TotalPageFile size 28061M (AvailPageFile size 15331M)
current process WorkingSet (physical memory assigned to process): 76M, peak: 76M
current process commit charge ("private bytes"): 534M, peak: 535M

vm_info: OpenJDK 64-Bit Server VM (17.0.1+12) for windows-amd64 JRE (17.0.1+12), built on Oct 20 2021 07:42:55 by "" with MS VC++ 16.7 (VS2019)

END.
